Arguments: 
  /Users/henriquebonfim/.nvm/versions/node/v14.15.1/bin/node /usr/local/Cellar/yarn/1.22.10/libexec/bin/yarn.js add -D ts-node-dev

PATH: 
  /Users/henriquebonfim/.rvm/gems/ruby-2.7.2/bin:/Users/henriquebonfim/.rvm/gems/ruby-2.7.2@global/bin:/Users/henriquebonfim/.rvm/rubies/ruby-2.7.2/bin:/Users/henriquebonfim/.nvm/versions/node/v14.15.1/bin:/usr/local/bin:/usr/bin:/bin:/usr/sbin:/sbin:/Library/Apple/usr/bin:/Users/henriquebonfim/.rvm/bin

Yarn version: 
  1.22.10

Node version: 
  14.15.1

Platform: 
  darwin x64

Trace: 
  SyntaxError: /Users/henriquebonfim/Templates/terminal-chat/server/package.json: Unexpected token ß in JSON at position 454
      at JSON.parse (<anonymous>)
      at /usr/local/Cellar/yarn/1.22.10/libexec/lib/cli.js:1625:59
      at Generator.next (<anonymous>)
      at step (/usr/local/Cellar/yarn/1.22.10/libexec/lib/cli.js:310:30)
      at /usr/local/Cellar/yarn/1.22.10/libexec/lib/cli.js:321:13

npm manifest: 
  {
    "name": "server",
    "version": "1.0.0",
    "description": "",
    "main": "index.js",
    "type": "module",
    "scripts": {
      "start": "node src/",
      "dev": "npx ts-node-dev src/",
      "test": "echo \"Error: no test specified\" && exit 1"
    },
    "keywords": [],
    "author": "",
    "license": "ISC",
    "dependencies": {
      "uuid": "^8.3.2"
    },
    "devDependencies": {
      "@types/node": "^14.14.37",
      "@types/uuid": "^8.3.0",
      "nodemon": "^2.0.7",ß
      "typescript": "^4.2.3"
    }
  }

yarn manifest: 
  No manifest

Lockfile: 
  No lockfile
